This is pdfTeX, Version 3.1415926-2.5-1.40.14 (TeX Live 2013/Debian) (format=pdfetex 2014.5.21)  19 JUN 2014 12:20
entering extended mode
 restricted \write18 enabled.
 %&-line parsing enabled.
**\nonstopmode \catcode126=12 \def\normaltilde{~}\catcode126=13 \let~\normaltil
de  \input ./analysis.md
(./analysis.md
! You can't use `macro parameter character #' in vertical mode.
l.1 #
      Report
Sorry, but I'm not programmed to handle this case;
I'll just pretend that you didn't ask for it.
If you're in the wrong mode, you might be able to
return to the right one by typing `I}' or `I$' or `I\par'.

! You can't use `macro parameter character #' in vertical mode.
l.4 #
     # Is an automatic or manual transmission better for MPG?
Sorry, but I'm not programmed to handle this case;
I'll just pretend that you didn't ask for it.
If you're in the wrong mode, you might be able to
return to the right one by typing `I}' or `I$' or `I\par'.

! You can't use `macro parameter character #' in vertical mode.
l.4 ##
       Is an automatic or manual transmission better for MPG?
Sorry, but I'm not programmed to handle this case;
I'll just pretend that you didn't ask for it.
If you're in the wrong mode, you might be able to
return to the right one by typing `I}' or `I$' or `I\par'.

! Missing $ inserted.
<inserted text> 
                $
<to be read again> 
                   \par 
l.12 
     
I've inserted a begin-math/end-math symbol since I think
you left one out. Proceed, with fingers crossed.


Overfull \hbox (35.53993pt too wide) in paragraph at lines 6--12
[]\tenrm ```r out-put <- ag-gre-gate(mpg ~ am, data = mt-cars, mean) output$\te
ni am < \tensy ^^@\teni as:factor\tenrm (\teni output$\tenrm am) levels(output$
\teni am\tenrm ) \teni <|

\hbox(7.5+2.5)x469.75499, glue set - 1.0
.\hbox(0.0+0.0)x20.0
.\tenrm \ (ligature ``)
.\tenrm `
.\tenrm r
.\glue 3.33333 plus 1.66666 minus 1.11111
.etc.

! You can't use `macro parameter character #' in horizontal mode.
l.14 #
      #          am   mpg
Sorry, but I'm not programmed to handle this case;
I'll just pretend that you didn't ask for it.
If you're in the wrong mode, you might be able to
return to the right one by typing `I}' or `I$' or `I\par'.

! You can't use `macro parameter character #' in horizontal mode.
l.14 ##
                 am   mpg
Sorry, but I'm not programmed to handle this case;
I'll just pretend that you didn't ask for it.
If you're in the wrong mode, you might be able to
return to the right one by typing `I}' or `I$' or `I\par'.

! You can't use `macro parameter character #' in horizontal mode.
l.15 #
      # 1    manual 17.15
Sorry, but I'm not programmed to handle this case;
I'll just pretend that you didn't ask for it.
If you're in the wrong mode, you might be able to
return to the right one by typing `I}' or `I$' or `I\par'.

! You can't use `macro parameter character #' in horizontal mode.
l.15 ##
        1    manual 17.15
Sorry, but I'm not programmed to handle this case;
I'll just pretend that you didn't ask for it.
If you're in the wrong mode, you might be able to
return to the right one by typing `I}' or `I$' or `I\par'.

! You can't use `macro parameter character #' in horizontal mode.
l.16 #
      # 2 automatic 24.39
Sorry, but I'm not programmed to handle this case;
I'll just pretend that you didn't ask for it.
If you're in the wrong mode, you might be able to
return to the right one by typing `I}' or `I$' or `I\par'.

! You can't use `macro parameter character #' in horizontal mode.
l.16 ##
        2 automatic 24.39
Sorry, but I'm not programmed to handle this case;
I'll just pretend that you didn't ask for it.
If you're in the wrong mode, you might be able to
return to the right one by typing `I}' or `I$' or `I\par'.

! You can't use `macro parameter character #' in horizontal mode.
l.20 #
      # Quantifying how different is the MPG between automatic and manual tr...
Sorry, but I'm not programmed to handle this case;
I'll just pretend that you didn't ask for it.
If you're in the wrong mode, you might be able to
return to the right one by typing `I}' or `I$' or `I\par'.

! You can't use `macro parameter character #' in horizontal mode.
l.20 ##
        Quantifying how different is the MPG between automatic and manual tr...
Sorry, but I'm not programmed to handle this case;
I'll just pretend that you didn't ask for it.
If you're in the wrong mode, you might be able to
return to the right one by typing `I}' or `I$' or `I\par'.

! Missing $ inserted.
<inserted text> 
                $
<to be read again> 
                   \par 
l.29 
     
I've inserted a begin-math/end-math symbol since I think
you left one out. Proceed, with fingers crossed.


Overfull \hbox (30.84555pt too wide) in paragraph at lines 22--29
[]\tenrm ```r li-brary(ggplot2) out-put <- mt-cars[, c("mpg", "am")] output$\te
ni am < \tensy ^^@\teni as:factor\tenrm (\teni output$\tenrm am) levels(output$
\teni am\tenrm ) \teni <|

\hbox(7.5+2.5)x469.75499, glue set - 1.0
.\hbox(0.0+0.0)x20.0
.\tenrm \ (ligature ``)
.\tenrm `
.\tenrm r
.\glue 3.33333 plus 1.66666 minus 1.11111
.etc.


Overfull \hbox (265.98558pt too wide) in paragraph at lines 22--29
\tensy ^^@\teni c\tenrm ("\teni manual\tenrm "\teni ; \tenrm "\teni automatic\t
enrm ")\teni qplot\tenrm (\teni mpg; data \tenrm = \teni output; color \tenrm =
 \teni am; geom \tenrm = \teni c\tenrm ("\teni density\tenrm ")\teni ; main \te
nrm = "\teni comparisonofmileagebetweenautomaticandmanualtransmission\tenrm ")\
`$ |

\hbox(7.5+2.5)x469.75499
.\tensy ^^@
.\teni c
.\tenrm (
.\tenrm "
.\teni m
.etc.

)
! Emergency stop.
<*> ...=13 \let~\normaltilde  \input ./analysis.md
                                                  
*** (job aborted, no legal \end found)

!  ==> Fatal error occurred, no output PDF file produced!
